{
"contracts\\MyNFT.sol":{"l":{"22":0,"25":0,"29":0,"33":19,"34":19,"35":19,"36":19,"44":19,"55":0,"58":0,"59":0},"path":"C:\\Users\\Ameer Hamza\\Documents\\GitHub\\ERC721Token\\contracts\\MyNFT.sol","s":{"1":0,"2":0,"3":0,"4":19,"5":19,"6":19,"7":19,"8":19,"9":0,"10":0,"11":0},"b":{"1":[19,0],"2":[0,0]},"f":{"1":39,"2":0,"3":0,"4":0,"5":19,"6":19,"7":0,"8":0},"fnMap":{"1":{"name":"constructor","line":17,"loc":{"start":{"line":17,"column":4},"end":{"line":19,"column":4}}},"2":{"name":"_baseURI","line":21,"loc":{"start":{"line":21,"column":4},"end":{"line":23,"column":4}}},"3":{"name":"pause","line":24,"loc":{"start":{"line":24,"column":4},"end":{"line":26,"column":4}}},"4":{"name":"unpause","line":28,"loc":{"start":{"line":28,"column":4},"end":{"line":30,"column":4}}},"5":{"name":"safeMint","line":32,"loc":{"start":{"line":32,"column":4},"end":{"line":37,"column":4}}},"6":{"name":"_beforeTokenTransfer","line":41,"loc":{"start":{"line":39,"column":4},"end":{"line":45,"column":4}}},"7":{"name":"supportsInterface","line":49,"loc":{"start":{"line":49,"column":4},"end":{"line":56,"column":4}}},"8":{"name":"withDraw","line":57,"loc":{"start":{"line":57,"column":4},"end":{"line":60,"column":4}}}},"statementMap":{"1":{"start":{"line":22,"column":8},"end":{"line":22,"column":46}},"2":{"start":{"line":25,"column":8},"end":{"line":25,"column":15}},"3":{"start":{"line":29,"column":8},"end":{"line":29,"column":17}},"4":{"start":{"line":33,"column":8},"end":{"line":33,"column":93}},"5":{"start":{"line":34,"column":8},"end":{"line":34,"column":51}},"6":{"start":{"line":35,"column":8},"end":{"line":35,"column":34}},"7":{"start":{"line":36,"column":8},"end":{"line":36,"column":29}},"8":{"start":{"line":44,"column":8},"end":{"line":44,"column":52}},"9":{"start":{"line":55,"column":8},"end":{"line":55,"column":51}},"10":{"start":{"line":58,"column":8},"end":{"line":58,"column":58}},"11":{"start":{"line":59,"column":8},"end":{"line":59,"column":55}}},"branchMap":{"1":{"line":33,"type":"if","locations":[{"start":{"line":33,"column":8},"end":{"line":33,"column":8}},{"start":{"line":33,"column":8},"end":{"line":33,"column":8}}]},"2":{"line":58,"type":"if","locations":[{"start":{"line":58,"column":8},"end":{"line":58,"column":8}},{"start":{"line":58,"column":8},"end":{"line":58,"column":8}}]}}}}
