{
"contracts\\MyNFT.sol":{"l":{"21":0,"25":0,"29":0,"33":0,"34":0,"35":0,"36":0,"37":0,"45":0,"56":0,"59":0,"60":0},"path":"C:\\Users\\Ameer Hamza\\Documents\\GitHub\\ERC721Token\\contracts\\MyNFT.sol","s":{"1":0,"2":0,"3":0,"4":0,"5":0,"6":0,"7":0,"8":0,"9":0,"10":0,"11":0,"12":0},"b":{"1":[0,0],"2":[0,0],"3":[0,0]},"f":{"1":12,"2":0,"3":0,"4":0,"5":0,"6":0,"7":0,"8":0},"fnMap":{"1":{"name":"constructor","line":18,"loc":{"start":{"line":18,"column":4},"end":{"line":18,"column":43}}},"2":{"name":"_baseURI","line":20,"loc":{"start":{"line":20,"column":4},"end":{"line":22,"column":4}}},"3":{"name":"pause","line":24,"loc":{"start":{"line":24,"column":4},"end":{"line":26,"column":4}}},"4":{"name":"unpause","line":28,"loc":{"start":{"line":28,"column":4},"end":{"line":30,"column":4}}},"5":{"name":"safeMint","line":32,"loc":{"start":{"line":32,"column":4},"end":{"line":38,"column":4}}},"6":{"name":"_beforeTokenTransfer","line":42,"loc":{"start":{"line":40,"column":4},"end":{"line":46,"column":4}}},"7":{"name":"supportsInterface","line":50,"loc":{"start":{"line":50,"column":4},"end":{"line":57,"column":4}}},"8":{"name":"withDraw","line":58,"loc":{"start":{"line":58,"column":4},"end":{"line":61,"column":4}}}},"statementMap":{"1":{"start":{"line":21,"column":8},"end":{"line":21,"column":46}},"2":{"start":{"line":25,"column":8},"end":{"line":25,"column":15}},"3":{"start":{"line":29,"column":8},"end":{"line":29,"column":17}},"4":{"start":{"line":33,"column":8},"end":{"line":33,"column":93}},"5":{"start":{"line":34,"column":8},"end":{"line":34,"column":55}},"6":{"start":{"line":35,"column":8},"end":{"line":35,"column":51}},"7":{"start":{"line":36,"column":8},"end":{"line":36,"column":34}},"8":{"start":{"line":37,"column":8},"end":{"line":37,"column":29}},"9":{"start":{"line":45,"column":8},"end":{"line":45,"column":52}},"10":{"start":{"line":56,"column":8},"end":{"line":56,"column":51}},"11":{"start":{"line":59,"column":8},"end":{"line":59,"column":58}},"12":{"start":{"line":60,"column":8},"end":{"line":60,"column":55}}},"branchMap":{"1":{"line":33,"type":"if","locations":[{"start":{"line":33,"column":8},"end":{"line":33,"column":8}},{"start":{"line":33,"column":8},"end":{"line":33,"column":8}}]},"2":{"line":34,"type":"if","locations":[{"start":{"line":34,"column":8},"end":{"line":34,"column":8}},{"start":{"line":34,"column":8},"end":{"line":34,"column":8}}]},"3":{"line":59,"type":"if","locations":[{"start":{"line":59,"column":8},"end":{"line":59,"column":8}},{"start":{"line":59,"column":8},"end":{"line":59,"column":8}}]}}}}
