TN:
SF:C:\Users\Ameer Hamza\Documents\GitHub\ERC721Token\contracts\MyNFT.sol
FN:18,constructor
FN:20,_baseURI
FN:24,pause
FN:28,unpause
FN:32,safeMint
FN:42,_beforeTokenTransfer
FN:50,supportsInterface
FN:58,withDraw
FNF:8
FNH:1
FNDA:12,constructor
FNDA:0,_baseURI
FNDA:0,pause
FNDA:0,unpause
FNDA:0,safeMint
FNDA:0,_beforeTokenTransfer
FNDA:0,supportsInterface
FNDA:0,withDraw
DA:21,0
DA:25,0
DA:29,0
DA:33,0
DA:34,0
DA:35,0
DA:36,0
DA:37,0
DA:45,0
DA:56,0
DA:59,0
DA:60,0
LF:12
LH:0
BRDA:33,1,0,0
BRDA:33,1,1,0
BRDA:34,2,0,0
BRDA:34,2,1,0
BRDA:59,3,0,0
BRDA:59,3,1,0
BRF:6
BRH:0
end_of_record
