TN:
SF:C:\Users\Ameer Hamza\Documents\GitHub\ERC721Token\contracts\MyNFT.sol
FN:17,constructor
FN:21,_baseURI
FN:24,pause
FN:28,unpause
FN:32,safeMint
FN:41,_beforeTokenTransfer
FN:49,supportsInterface
FN:57,withDraw
FNF:8
FNH:3
FNDA:39,constructor
FNDA:0,_baseURI
FNDA:0,pause
FNDA:0,unpause
FNDA:19,safeMint
FNDA:19,_beforeTokenTransfer
FNDA:0,supportsInterface
FNDA:0,withDraw
DA:22,0
DA:25,0
DA:29,0
DA:33,19
DA:34,19
DA:35,19
DA:36,19
DA:44,19
DA:55,0
DA:58,0
DA:59,0
LF:11
LH:5
BRDA:33,1,0,19
BRDA:33,1,1,0
BRDA:58,2,0,0
BRDA:58,2,1,0
BRF:4
BRH:1
end_of_record
